2025-08-08 20:48:13,672 - INFO - Model Training & COMET ML initialized..
2025-08-08 20:48:13,780 - INFO - Data loaded sucesfully for Model Trainig
2025-08-08 20:48:13,809 - INFO - Succesfully read the YAML file
2025-08-08 20:48:13,810 - INFO - Loaded configuration from config.yaml
2025-08-08 20:48:14,336 - INFO - Model created sucesfully....
2025-08-08 20:49:13,593 - INFO - Model training Completedd.....
2025-08-08 20:49:13,594 - WARNING - You are saving your model as an HDF5 file via `model.save()` or `keras.saving.save_model(model)`. This file format is considered legacy. We recommend using instead the native Keras format, e.g. `model.save('my_model.keras')` or `keras.saving.save_model(model, 'my_model.keras')`. 
2025-08-08 20:49:13,636 - INFO - Model saved to artifacts/model\model.h5
2025-08-08 20:49:13,638 - INFO - Extracting weights for user_embedding
2025-08-08 20:49:13,645 - INFO - Extracting weights for anime_embedding
2025-08-08 20:49:13,679 - INFO - User and Anime weights saved sucesfully....
2025-08-08 21:10:47,689 - INFO - Model Training & COMET ML initialized..
2025-08-08 21:10:47,764 - INFO - Data loaded sucesfully for Model Trainig
2025-08-08 21:10:47,795 - INFO - Succesfully read the YAML file
2025-08-08 21:10:47,795 - INFO - Loaded configuration from config.yaml
2025-08-08 21:10:47,905 - INFO - Model created sucesfully....
2025-08-08 21:11:46,952 - INFO - Model training Completedd.....
2025-08-08 21:11:46,953 - WARNING - You are saving your model as an HDF5 file via `model.save()` or `keras.saving.save_model(model)`. This file format is considered legacy. We recommend using instead the native Keras format, e.g. `model.save('my_model.keras')` or `keras.saving.save_model(model, 'my_model.keras')`. 
2025-08-08 21:11:47,005 - INFO - Model saved to artifacts/model\model.h5
2025-08-08 21:11:47,006 - INFO - Extracting weights for user_embedding
2025-08-08 21:11:47,016 - INFO - Extracting weights for anime_embedding
2025-08-08 21:11:47,062 - INFO - User and Anime weights saved sucesfully....
2025-08-08 21:24:31,649 - INFO - DataProcessing Intialized
2025-08-08 21:24:32,507 - INFO - Data loaded sucesfully for Data Processing
2025-08-08 21:24:32,665 - INFO - Filtered users sucesfully...
2025-08-08 21:24:33,759 - INFO - Scalind done for Processing 
2025-08-08 21:24:33,889 - INFO - Encoding done for Users and Anime
2025-08-08 21:24:34,410 - INFO - Data splitted sucesfullyy
2025-08-08 21:24:34,420 - INFO - user2user_encoded saved sucesfully in processed directory
2025-08-08 21:24:34,430 - INFO - user2user_decoded saved sucesfully in processed directory
2025-08-08 21:24:34,468 - INFO - anim2anime_encoded saved sucesfully in processed directory
2025-08-08 21:24:34,505 - INFO - anim2anime_decoded saved sucesfully in processed directory
2025-08-08 21:24:38,171 - INFO - ALl the training testing data as well as rating_df is saved now..
2025-08-08 21:24:44,235 - INFO - DF AND SYNOPSIS_Df saved sucesfullyy...
2025-08-08 21:24:44,238 - INFO - Data Processing Pipeline Run sucesfully .... Congrats
2025-08-08 21:24:45,759 - INFO - Model Training & COMET ML initialized..
2025-08-08 21:24:45,828 - INFO - Data loaded sucesfully for Model Trainig
2025-08-08 21:24:45,853 - INFO - Succesfully read the YAML file
2025-08-08 21:24:45,853 - INFO - Loaded configuration from config.yaml
2025-08-08 21:24:45,924 - INFO - Model created sucesfully....
2025-08-08 21:25:44,904 - INFO - Model training Completedd.....
2025-08-08 21:25:44,905 - WARNING - You are saving your model as an HDF5 file via `model.save()` or `keras.saving.save_model(model)`. This file format is considered legacy. We recommend using instead the native Keras format, e.g. `model.save('my_model.keras')` or `keras.saving.save_model(model, 'my_model.keras')`. 
2025-08-08 21:25:44,962 - INFO - Model saved to artifacts/model\model.h5
2025-08-08 21:25:44,965 - INFO - Extracting weights for user_embedding
2025-08-08 21:25:44,975 - INFO - Extracting weights for anime_embedding
2025-08-08 21:25:45,054 - INFO - User and Anime weights saved sucesfully....
